0 info it worked if it ends with ok
1 verbose cli [ '/usr/bin/node', '/usr/bin/npm', 'install' ]
2 info using npm@1.4.28
3 info using node@v0.10.33
4 verbose node symlink /usr/bin/node
5 warn package.json testo@1.0.0 No repository field.
6 verbose readDependencies using package.json deps
7 verbose install where, deps [ '/home/vagrant/Code/MediApp-Ionic',
7 verbose install   [ 'gulp',
7 verbose install     'gulp-sass',
7 verbose install     'gulp-concat',
7 verbose install     'gulp-minify-css',
7 verbose install     'gulp-rename',
7 verbose install     'bower',
7 verbose install     'gulp-util',
7 verbose install     'shelljs' ] ]
8 info preinstall testo@1.0.0
9 verbose readDependencies using package.json deps
10 verbose already installed skipping gulp@^3.5.6 /home/vagrant/Code/MediApp-Ionic
11 verbose cache add [ 'gulp-sass@^0.7.1', null ]
12 verbose cache add name=undefined spec="gulp-sass@^0.7.1" args=["gulp-sass@^0.7.1",null]
13 verbose parsed url { protocol: null,
13 verbose parsed url   slashes: null,
13 verbose parsed url   auth: null,
13 verbose parsed url   host: null,
13 verbose parsed url   port: null,
13 verbose parsed url   hostname: null,
13 verbose parsed url   hash: null,
13 verbose parsed url   search: null,
13 verbose parsed url   query: null,
13 verbose parsed url   pathname: 'gulp-sass@^0.7.1',
13 verbose parsed url   path: 'gulp-sass@^0.7.1',
13 verbose parsed url   href: 'gulp-sass@^0.7.1' }
14 verbose cache add [ 'gulp-concat@^2.2.0', null ]
15 verbose cache add name=undefined spec="gulp-concat@^2.2.0" args=["gulp-concat@^2.2.0",null]
16 verbose parsed url { protocol: null,
16 verbose parsed url   slashes: null,
16 verbose parsed url   auth: null,
16 verbose parsed url   host: null,
16 verbose parsed url   port: null,
16 verbose parsed url   hostname: null,
16 verbose parsed url   hash: null,
16 verbose parsed url   search: null,
16 verbose parsed url   query: null,
16 verbose parsed url   pathname: 'gulp-concat@^2.2.0',
16 verbose parsed url   path: 'gulp-concat@^2.2.0',
16 verbose parsed url   href: 'gulp-concat@^2.2.0' }
17 verbose cache add [ 'gulp-minify-css@^0.3.0', null ]
18 verbose cache add name=undefined spec="gulp-minify-css@^0.3.0" args=["gulp-minify-css@^0.3.0",null]
19 verbose parsed url { protocol: null,
19 verbose parsed url   slashes: null,
19 verbose parsed url   auth: null,
19 verbose parsed url   host: null,
19 verbose parsed url   port: null,
19 verbose parsed url   hostname: null,
19 verbose parsed url   hash: null,
19 verbose parsed url   search: null,
19 verbose parsed url   query: null,
19 verbose parsed url   pathname: 'gulp-minify-css@^0.3.0',
19 verbose parsed url   path: 'gulp-minify-css@^0.3.0',
19 verbose parsed url   href: 'gulp-minify-css@^0.3.0' }
20 verbose cache add [ 'gulp-rename@^1.2.0', null ]
21 verbose cache add name=undefined spec="gulp-rename@^1.2.0" args=["gulp-rename@^1.2.0",null]
22 verbose parsed url { protocol: null,
22 verbose parsed url   slashes: null,
22 verbose parsed url   auth: null,
22 verbose parsed url   host: null,
22 verbose parsed url   port: null,
22 verbose parsed url   hostname: null,
22 verbose parsed url   hash: null,
22 verbose parsed url   search: null,
22 verbose parsed url   query: null,
22 verbose parsed url   pathname: 'gulp-rename@^1.2.0',
22 verbose parsed url   path: 'gulp-rename@^1.2.0',
22 verbose parsed url   href: 'gulp-rename@^1.2.0' }
23 verbose cache add [ 'bower@^1.3.3', null ]
24 verbose cache add name=undefined spec="bower@^1.3.3" args=["bower@^1.3.3",null]
25 verbose parsed url { protocol: null,
25 verbose parsed url   slashes: null,
25 verbose parsed url   auth: null,
25 verbose parsed url   host: null,
25 verbose parsed url   port: null,
25 verbose parsed url   hostname: null,
25 verbose parsed url   hash: null,
25 verbose parsed url   search: null,
25 verbose parsed url   query: null,
25 verbose parsed url   pathname: 'bower@^1.3.3',
25 verbose parsed url   path: 'bower@^1.3.3',
25 verbose parsed url   href: 'bower@^1.3.3' }
26 verbose cache add [ 'gulp-util@^2.2.14', null ]
27 verbose cache add name=undefined spec="gulp-util@^2.2.14" args=["gulp-util@^2.2.14",null]
28 verbose parsed url { protocol: null,
28 verbose parsed url   slashes: null,
28 verbose parsed url   auth: null,
28 verbose parsed url   host: null,
28 verbose parsed url   port: null,
28 verbose parsed url   hostname: null,
28 verbose parsed url   hash: null,
28 verbose parsed url   search: null,
28 verbose parsed url   query: null,
28 verbose parsed url   pathname: 'gulp-util@^2.2.14',
28 verbose parsed url   path: 'gulp-util@^2.2.14',
28 verbose parsed url   href: 'gulp-util@^2.2.14' }
29 verbose cache add name="gulp-sass" spec="^0.7.1" args=["gulp-sass","^0.7.1"]
30 verbose parsed url { protocol: null,
30 verbose parsed url   slashes: null,
30 verbose parsed url   auth: null,
30 verbose parsed url   host: null,
30 verbose parsed url   port: null,
30 verbose parsed url   hostname: null,
30 verbose parsed url   hash: null,
30 verbose parsed url   search: null,
30 verbose parsed url   query: null,
30 verbose parsed url   pathname: '^0.7.1',
30 verbose parsed url   path: '^0.7.1',
30 verbose parsed url   href: '^0.7.1' }
31 verbose addNamed [ 'gulp-sass', '^0.7.1' ]
32 verbose addNamed [ null, '>=0.7.1-0 <0.8.0-0' ]
33 verbose cache add name="gulp-concat" spec="^2.2.0" args=["gulp-concat","^2.2.0"]
34 verbose parsed url { protocol: null,
34 verbose parsed url   slashes: null,
34 verbose parsed url   auth: null,
34 verbose parsed url   host: null,
34 verbose parsed url   port: null,
34 verbose parsed url   hostname: null,
34 verbose parsed url   hash: null,
34 verbose parsed url   search: null,
34 verbose parsed url   query: null,
34 verbose parsed url   pathname: '^2.2.0',
34 verbose parsed url   path: '^2.2.0',
34 verbose parsed url   href: '^2.2.0' }
35 verbose addNamed [ 'gulp-concat', '^2.2.0' ]
36 verbose addNamed [ null, '>=2.2.0-0 <3.0.0-0' ]
37 verbose cache add name="gulp-minify-css" spec="^0.3.0" args=["gulp-minify-css","^0.3.0"]
38 verbose parsed url { protocol: null,
38 verbose parsed url   slashes: null,
38 verbose parsed url   auth: null,
38 verbose parsed url   host: null,
38 verbose parsed url   port: null,
38 verbose parsed url   hostname: null,
38 verbose parsed url   hash: null,
38 verbose parsed url   search: null,
38 verbose parsed url   query: null,
38 verbose parsed url   pathname: '^0.3.0',
38 verbose parsed url   path: '^0.3.0',
38 verbose parsed url   href: '^0.3.0' }
39 verbose addNamed [ 'gulp-minify-css', '^0.3.0' ]
40 verbose addNamed [ null, '>=0.3.0-0 <0.4.0-0' ]
41 verbose cache add name="gulp-rename" spec="^1.2.0" args=["gulp-rename","^1.2.0"]
42 verbose parsed url { protocol: null,
42 verbose parsed url   slashes: null,
42 verbose parsed url   auth: null,
42 verbose parsed url   host: null,
42 verbose parsed url   port: null,
42 verbose parsed url   hostname: null,
42 verbose parsed url   hash: null,
42 verbose parsed url   search: null,
42 verbose parsed url   query: null,
42 verbose parsed url   pathname: '^1.2.0',
42 verbose parsed url   path: '^1.2.0',
42 verbose parsed url   href: '^1.2.0' }
43 verbose addNamed [ 'gulp-rename', '^1.2.0' ]
44 verbose addNamed [ null, '>=1.2.0-0 <2.0.0-0' ]
45 verbose cache add name="bower" spec="^1.3.3" args=["bower","^1.3.3"]
46 verbose parsed url { protocol: null,
46 verbose parsed url   slashes: null,
46 verbose parsed url   auth: null,
46 verbose parsed url   host: null,
46 verbose parsed url   port: null,
46 verbose parsed url   hostname: null,
46 verbose parsed url   hash: null,
46 verbose parsed url   search: null,
46 verbose parsed url   query: null,
46 verbose parsed url   pathname: '^1.3.3',
46 verbose parsed url   path: '^1.3.3',
46 verbose parsed url   href: '^1.3.3' }
47 verbose addNamed [ 'bower', '^1.3.3' ]
48 verbose addNamed [ null, '>=1.3.3-0 <2.0.0-0' ]
49 verbose cache add [ 'shelljs@^0.3.0', null ]
50 verbose cache add name=undefined spec="shelljs@^0.3.0" args=["shelljs@^0.3.0",null]
51 verbose parsed url { protocol: null,
51 verbose parsed url   slashes: null,
51 verbose parsed url   auth: null,
51 verbose parsed url   host: null,
51 verbose parsed url   port: null,
51 verbose parsed url   hostname: null,
51 verbose parsed url   hash: null,
51 verbose parsed url   search: null,
51 verbose parsed url   query: null,
51 verbose parsed url   pathname: 'shelljs@^0.3.0',
51 verbose parsed url   path: 'shelljs@^0.3.0',
51 verbose parsed url   href: 'shelljs@^0.3.0' }
52 verbose cache add name="gulp-util" spec="^2.2.14" args=["gulp-util","^2.2.14"]
53 verbose parsed url { protocol: null,
53 verbose parsed url   slashes: null,
53 verbose parsed url   auth: null,
53 verbose parsed url   host: null,
53 verbose parsed url   port: null,
53 verbose parsed url   hostname: null,
53 verbose parsed url   hash: null,
53 verbose parsed url   search: null,
53 verbose parsed url   query: null,
53 verbose parsed url   pathname: '^2.2.14',
53 verbose parsed url   path: '^2.2.14',
53 verbose parsed url   href: '^2.2.14' }
54 verbose addNamed [ 'gulp-util', '^2.2.14' ]
55 verbose addNamed [ null, '>=2.2.14-0 <3.0.0-0' ]
56 silly lockFile 77100620-gulp-sass-0-7-1 gulp-sass@^0.7.1
57 verbose lock gulp-sass@^0.7.1 /home/vagrant/.npm/77100620-gulp-sass-0-7-1.lock
58 silly lockFile bade1119-gulp-concat-2-2-0 gulp-concat@^2.2.0
59 verbose lock gulp-concat@^2.2.0 /home/vagrant/.npm/bade1119-gulp-concat-2-2-0.lock
60 silly lockFile 97140670-gulp-minify-css-0-3-0 gulp-minify-css@^0.3.0
61 verbose lock gulp-minify-css@^0.3.0 /home/vagrant/.npm/97140670-gulp-minify-css-0-3-0.lock
62 silly lockFile 31cef36d-gulp-rename-1-2-0 gulp-rename@^1.2.0
63 verbose lock gulp-rename@^1.2.0 /home/vagrant/.npm/31cef36d-gulp-rename-1-2-0.lock
64 silly lockFile 0aa5c27e-bower-1-3-3 bower@^1.3.3
65 verbose lock bower@^1.3.3 /home/vagrant/.npm/0aa5c27e-bower-1-3-3.lock
66 silly lockFile e3e5f16b-gulp-util-2-2-14 gulp-util@^2.2.14
67 verbose lock gulp-util@^2.2.14 /home/vagrant/.npm/e3e5f16b-gulp-util-2-2-14.lock
68 verbose cache add name="shelljs" spec="^0.3.0" args=["shelljs","^0.3.0"]
69 verbose parsed url { protocol: null,
69 verbose parsed url   slashes: null,
69 verbose parsed url   auth: null,
69 verbose parsed url   host: null,
69 verbose parsed url   port: null,
69 verbose parsed url   hostname: null,
69 verbose parsed url   hash: null,
69 verbose parsed url   search: null,
69 verbose parsed url   query: null,
69 verbose parsed url   pathname: '^0.3.0',
69 verbose parsed url   path: '^0.3.0',
69 verbose parsed url   href: '^0.3.0' }
70 verbose addNamed [ 'shelljs', '^0.3.0' ]
71 verbose addNamed [ null, '>=0.3.0-0 <0.4.0-0' ]
72 silly lockFile 1ddaa962-shelljs-0-3-0 shelljs@^0.3.0
73 verbose lock shelljs@^0.3.0 /home/vagrant/.npm/1ddaa962-shelljs-0-3-0.lock
74 silly addNameRange { name: 'gulp-sass',
74 silly addNameRange   range: '>=0.7.1-0 <0.8.0-0',
74 silly addNameRange   hasData: false }
75 silly addNameRange { name: 'gulp-concat',
75 silly addNameRange   range: '>=2.2.0-0 <3.0.0-0',
75 silly addNameRange   hasData: false }
76 silly addNameRange { name: 'gulp-minify-css',
76 silly addNameRange   range: '>=0.3.0-0 <0.4.0-0',
76 silly addNameRange   hasData: false }
77 silly addNameRange { name: 'gulp-rename',
77 silly addNameRange   range: '>=1.2.0-0 <2.0.0-0',
77 silly addNameRange   hasData: false }
78 silly addNameRange { name: 'bower', range: '>=1.3.3-0 <2.0.0-0', hasData: false }
79 silly addNameRange { name: 'gulp-util',
79 silly addNameRange   range: '>=2.2.14-0 <3.0.0-0',
79 silly addNameRange   hasData: false }
80 silly addNameRange { name: 'shelljs', range: '>=0.3.0-0 <0.4.0-0', hasData: false }
81 verbose request where is /gulp-sass
82 verbose request registry https://registry.npmjs.org/
83 verbose request id 6ff310863ec8d86d
84 verbose url raw /gulp-sass
85 verbose url resolving [ 'https://registry.npmjs.org/', './gulp-sass' ]
86 verbose url resolved https://registry.npmjs.org/gulp-sass
87 verbose request where is https://registry.npmjs.org/gulp-sass
88 info trying registry request attempt 1 at 21:35:45
89 http GET https://registry.npmjs.org/gulp-sass
90 verbose request where is /gulp-concat
91 verbose request registry https://registry.npmjs.org/
92 verbose url raw /gulp-concat
93 verbose url resolving [ 'https://registry.npmjs.org/', './gulp-concat' ]
94 verbose url resolved https://registry.npmjs.org/gulp-concat
95 verbose request where is https://registry.npmjs.org/gulp-concat
96 info trying registry request attempt 1 at 21:35:45
97 http GET https://registry.npmjs.org/gulp-concat
98 verbose request where is /gulp-minify-css
99 verbose request registry https://registry.npmjs.org/
100 verbose url raw /gulp-minify-css
101 verbose url resolving [ 'https://registry.npmjs.org/', './gulp-minify-css' ]
102 verbose url resolved https://registry.npmjs.org/gulp-minify-css
103 verbose request where is https://registry.npmjs.org/gulp-minify-css
104 info trying registry request attempt 1 at 21:35:45
105 http GET https://registry.npmjs.org/gulp-minify-css
106 verbose request where is /gulp-rename
107 verbose request registry https://registry.npmjs.org/
108 verbose url raw /gulp-rename
109 verbose url resolving [ 'https://registry.npmjs.org/', './gulp-rename' ]
110 verbose url resolved https://registry.npmjs.org/gulp-rename
111 verbose request where is https://registry.npmjs.org/gulp-rename
112 info trying registry request attempt 1 at 21:35:45
113 http GET https://registry.npmjs.org/gulp-rename
114 verbose request where is /gulp-util
115 verbose request registry https://registry.npmjs.org/
116 verbose url raw /gulp-util
117 verbose url resolving [ 'https://registry.npmjs.org/', './gulp-util' ]
118 verbose url resolved https://registry.npmjs.org/gulp-util
119 verbose request where is https://registry.npmjs.org/gulp-util
120 info trying registry request attempt 1 at 21:35:45
121 verbose etag "ANUB46REIQ5OZWZLPW9HNA8N4"
122 http GET https://registry.npmjs.org/gulp-util
123 verbose request where is /shelljs
124 verbose request registry https://registry.npmjs.org/
125 verbose url raw /shelljs
126 verbose url resolving [ 'https://registry.npmjs.org/', './shelljs' ]
127 verbose url resolved https://registry.npmjs.org/shelljs
128 verbose request where is https://registry.npmjs.org/shelljs
129 info trying registry request attempt 1 at 21:35:45
130 verbose etag "5SKJ8IWYW5X7TZQ4TBEPJ9M9"
131 http GET https://registry.npmjs.org/shelljs
132 verbose request where is /bower
133 verbose request registry https://registry.npmjs.org/
134 verbose url raw /bower
135 verbose url resolving [ 'https://registry.npmjs.org/', './bower' ]
136 verbose url resolved https://registry.npmjs.org/bower
137 verbose request where is https://registry.npmjs.org/bower
138 info trying registry request attempt 1 at 21:35:45
139 verbose etag "C12JMC9G79TWNC34CQEASETHJ"
140 http GET https://registry.npmjs.org/bower
141 http 304 https://registry.npmjs.org/gulp-util
142 silly registry.get cb [ 304,
142 silly registry.get   { date: 'Sat, 21 Feb 2015 21:35:44 GMT',
142 silly registry.get     server: 'Apache',
142 silly registry.get     via: '1.1 varnish',
142 silly registry.get     'last-modified': 'Sat, 21 Feb 2015 21:35:44 GMT',
142 silly registry.get     'cache-control': 'max-age=60',
142 silly registry.get     etag: '"ANUB46REIQ5OZWZLPW9HNA8N4"',
142 silly registry.get     age: '0',
142 silly registry.get     'x-served-by': 'cache-iad2126-IAD',
142 silly registry.get     'x-cache': 'HIT',
142 silly registry.get     'x-cache-hits': '1',
142 silly registry.get     'x-timer': 'S1424554544.818330,VS0,VE52',
142 silly registry.get     vary: 'Accept',
142 silly registry.get     'content-length': '0',
142 silly registry.get     'keep-alive': 'timeout=10, max=50',
142 silly registry.get     connection: 'Keep-Alive' } ]
143 verbose etag https://registry.npmjs.org/gulp-util from cache
144 silly addNameRange number 2 { name: 'gulp-util',
144 silly addNameRange   range: '>=2.2.14-0 <3.0.0-0',
144 silly addNameRange   hasData: true }
145 silly addNameRange versions [ 'gulp-util',
145 silly addNameRange   [ '0.0.1',
145 silly addNameRange     '1.0.0',
145 silly addNameRange     '1.1.0',
145 silly addNameRange     '1.1.1',
145 silly addNameRange     '1.2.0',
145 silly addNameRange     '1.3.0',
145 silly addNameRange     '2.0.0',
145 silly addNameRange     '2.1.1',
145 silly addNameRange     '2.1.2',
145 silly addNameRange     '2.1.3',
145 silly addNameRange     '2.1.4',
145 silly addNameRange     '2.2.0',
145 silly addNameRange     '2.2.1',
145 silly addNameRange     '2.2.2',
145 silly addNameRange     '2.2.3',
145 silly addNameRange     '2.2.5',
145 silly addNameRange     '2.2.6',
145 silly addNameRange     '2.2.7',
145 silly addNameRange     '2.2.8',
145 silly addNameRange     '2.2.9',
145 silly addNameRange     '2.2.10',
145 silly addNameRange     '2.2.11',
145 silly addNameRange     '2.2.12',
145 silly addNameRange     '2.2.13',
145 silly addNameRange     '2.2.14',
145 silly addNameRange     '2.2.15',
145 silly addNameRange     '2.2.16',
145 silly addNameRange     '2.2.17',
145 silly addNameRange     '2.2.18',
145 silly addNameRange     '2.2.19',
145 silly addNameRange     '2.2.20',
145 silly addNameRange     '3.0.0',
145 silly addNameRange     '3.0.1',
145 silly addNameRange     '3.0.2',
145 silly addNameRange     '3.0.3' ] ]
146 verbose addNamed [ 'gulp-util', '2.2.20' ]
147 verbose addNamed [ '2.2.20', '2.2.20' ]
148 silly lockFile 48c194cb-gulp-util-2-2-20 gulp-util@2.2.20
149 verbose lock gulp-util@2.2.20 /home/vagrant/.npm/48c194cb-gulp-util-2-2-20.lock
150 silly lockFile 34166e88-g-gulp-util-gulp-util-2-2-20-tgz https://registry.npmjs.org/gulp-util/-/gulp-util-2.2.20.tgz
151 verbose lock https://registry.npmjs.org/gulp-util/-/gulp-util-2.2.20.tgz /home/vagrant/.npm/34166e88-g-gulp-util-gulp-util-2-2-20-tgz.lock
152 verbose addRemoteTarball [ 'https://registry.npmjs.org/gulp-util/-/gulp-util-2.2.20.tgz',
152 verbose addRemoteTarball   'd7146e5728910bd8f047a6b0b1e549bc22dbd64c' ]
153 info retry fetch attempt 1 at 21:35:47
154 verbose fetch to= /tmp/npm-4001-pYD1OfA2/registry.npmjs.org/gulp-util/-/gulp-util-2.2.20.tgz
155 http GET https://registry.npmjs.org/gulp-util/-/gulp-util-2.2.20.tgz
156 http 200 https://registry.npmjs.org/gulp-rename
157 silly registry.get cb [ 200,
157 silly registry.get   { date: 'Sat, 21 Feb 2015 21:35:44 GMT',
157 silly registry.get     server: 'CouchDB/1.5.0 (Erlang OTP/R16B03)',
157 silly registry.get     etag: '"ASIF8FVXAFLEFFMFIFP9NZUJK"',
157 silly registry.get     'content-type': 'application/json',
157 silly registry.get     'cache-control': 'max-age=60',
157 silly registry.get     'content-length': '10111',
157 silly registry.get     'accept-ranges': 'bytes',
157 silly registry.get     via: '1.1 varnish',
157 silly registry.get     age: '16',
157 silly registry.get     'x-served-by': 'cache-iad2140-IAD',
157 silly registry.get     'x-cache': 'HIT',
157 silly registry.get     'x-cache-hits': '1',
157 silly registry.get     'x-timer': 'S1424554544.767033,VS0,VE0',
157 silly registry.get     vary: 'Accept',
157 silly registry.get     'keep-alive': 'timeout=10, max=50',
157 silly registry.get     connection: 'Keep-Alive' } ]
158 http 304 https://registry.npmjs.org/shelljs
159 silly registry.get cb [ 304,
159 silly registry.get   { date: 'Sat, 21 Feb 2015 21:35:45 GMT',
159 silly registry.get     server: 'Apache',
159 silly registry.get     via: '1.1 varnish',
159 silly registry.get     'last-modified': 'Sat, 21 Feb 2015 21:35:45 GMT',
159 silly registry.get     'cache-control': 'max-age=60',
159 silly registry.get     etag: '"5SKJ8IWYW5X7TZQ4TBEPJ9M9"',
159 silly registry.get     age: '45',
159 silly registry.get     'x-served-by': 'cache-iad2126-IAD',
159 silly registry.get     'x-cache': 'HIT',
159 silly registry.get     'x-cache-hits': '1',
159 silly registry.get     'x-timer': 'S1424554545.336526,VS0,VE0',
159 silly registry.get     vary: 'Accept',
159 silly registry.get     'content-length': '0',
159 silly registry.get     'keep-alive': 'timeout=10, max=49',
159 silly registry.get     connection: 'Keep-Alive' } ]
160 verbose etag https://registry.npmjs.org/shelljs from cache
161 silly addNameRange number 2 { name: 'shelljs', range: '>=0.3.0-0 <0.4.0-0', hasData: true }
162 silly addNameRange versions [ 'shelljs',
162 silly addNameRange   [ '0.0.1',
162 silly addNameRange     '0.0.2',
162 silly addNameRange     '0.0.3',
162 silly addNameRange     '0.0.4',
162 silly addNameRange     '0.0.5',
162 silly addNameRange     '0.0.6',
162 silly addNameRange     '0.0.7',
162 silly addNameRange     '0.0.8',
162 silly addNameRange     '0.0.9',
162 silly addNameRange     '0.1.0',
162 silly addNameRange     '0.1.1',
162 silly addNameRange     '0.1.2',
162 silly addNameRange     '0.1.3',
162 silly addNameRange     '0.1.4',
162 silly addNameRange     '0.2.0',
162 silly addNameRange     '0.2.1',
162 silly addNameRange     '0.2.2',
162 silly addNameRange     '0.2.3',
162 silly addNameRange     '0.2.4',
162 silly addNameRange     '0.2.5',
162 silly addNameRange     '0.2.6',
162 silly addNameRange     '0.3.0',
162 silly addNameRange     '0.0.1-alpha1',
162 silly addNameRange     '0.0.2-pre1',
162 silly addNameRange     '0.0.4-pre1',
162 silly addNameRange     '0.0.5-pre1',
162 silly addNameRange     '0.0.5-pre2',
162 silly addNameRange     '0.0.5-pre3',
162 silly addNameRange     '0.0.5-pre4',
162 silly addNameRange     '0.0.6-pre1',
162 silly addNameRange     '0.0.6-pre2' ] ]
163 verbose addNamed [ 'shelljs', '0.3.0' ]
164 verbose addNamed [ '0.3.0', '0.3.0' ]
165 silly lockFile 7d3918b1-shelljs-0-3-0 shelljs@0.3.0
166 verbose lock shelljs@0.3.0 /home/vagrant/.npm/7d3918b1-shelljs-0-3-0.lock
167 silly addNameRange number 2 { name: 'gulp-rename',
167 silly addNameRange   range: '>=1.2.0-0 <2.0.0-0',
167 silly addNameRange   hasData: true }
168 silly addNameRange versions [ 'gulp-rename',
168 silly addNameRange   [ '0.1.0', '0.2.1', '0.2.2', '1.0.0', '1.1.0', '1.2.0' ] ]
169 verbose addNamed [ 'gulp-rename', '1.2.0' ]
170 verbose addNamed [ '1.2.0', '1.2.0' ]
171 silly lockFile 5981c611-gulp-rename-1-2-0 gulp-rename@1.2.0
172 verbose lock gulp-rename@1.2.0 /home/vagrant/.npm/5981c611-gulp-rename-1-2-0.lock
173 silly lockFile b4be9a05-ulp-rename-gulp-rename-1-2-0-tgz https://registry.npmjs.org/gulp-rename/-/gulp-rename-1.2.0.tgz
174 verbose lock https://registry.npmjs.org/gulp-rename/-/gulp-rename-1.2.0.tgz /home/vagrant/.npm/b4be9a05-ulp-rename-gulp-rename-1-2-0-tgz.lock
175 verbose addRemoteTarball [ 'https://registry.npmjs.org/gulp-rename/-/gulp-rename-1.2.0.tgz',
175 verbose addRemoteTarball   '060394a09b085cf5d46fc48acdc5657f8fee9e4e' ]
176 silly lockFile 7d3918b1-shelljs-0-3-0 shelljs@0.3.0
177 silly lockFile 7d3918b1-shelljs-0-3-0 shelljs@0.3.0
178 info retry fetch attempt 1 at 21:35:48
179 verbose fetch to= /tmp/npm-4001-pYD1OfA2/registry.npmjs.org/gulp-rename/-/gulp-rename-1.2.0.tgz
180 silly lockFile 1ddaa962-shelljs-0-3-0 shelljs@^0.3.0
181 silly lockFile 1ddaa962-shelljs-0-3-0 shelljs@^0.3.0
182 http GET https://registry.npmjs.org/gulp-rename/-/gulp-rename-1.2.0.tgz
183 http 200 https://registry.npmjs.org/gulp-sass
184 silly registry.get cb [ 200,
184 silly registry.get   { date: 'Sat, 21 Feb 2015 21:35:45 GMT',
184 silly registry.get     server: 'CouchDB/1.5.0 (Erlang OTP/R16B03)',
184 silly registry.get     etag: '"8LK097HTTNPBZO0J0POV20NDE"',
184 silly registry.get     'content-type': 'application/json',
184 silly registry.get     'cache-control': 'max-age=60',
184 silly registry.get     'content-length': '32080',
184 silly registry.get     'accept-ranges': 'bytes',
184 silly registry.get     via: '1.1 varnish',
184 silly registry.get     age: '0',
184 silly registry.get     'x-served-by': 'cache-iad2147-IAD',
184 silly registry.get     'x-cache': 'HIT',
184 silly registry.get     'x-cache-hits': '1',
184 silly registry.get     'x-timer': 'S1424554544.753775,VS0,VE318',
184 silly registry.get     vary: 'Accept',
184 silly registry.get     'keep-alive': 'timeout=10, max=50',
184 silly registry.get     connection: 'Keep-Alive' } ]
185 silly addNameRange number 2 { name: 'gulp-sass', range: '>=0.7.1-0 <0.8.0-0', hasData: true }
186 silly addNameRange versions [ 'gulp-sass',
186 silly addNameRange   [ '0.1.0',
186 silly addNameRange     '0.2.1',
186 silly addNameRange     '0.2.2',
186 silly addNameRange     '0.2.3',
186 silly addNameRange     '0.3.0',
186 silly addNameRange     '0.4.0',
186 silly addNameRange     '0.4.1',
186 silly addNameRange     '0.5.0',
186 silly addNameRange     '0.5.1',
186 silly addNameRange     '0.5.2',
186 silly addNameRange     '0.6.0',
186 silly addNameRange     '0.7.0',
186 silly addNameRange     '0.7.1',
186 silly addNameRange     '0.7.2',
186 silly addNameRange     '0.7.3',
186 silly addNameRange     '1.0.0',
186 silly addNameRange     '1.1.0',
186 silly addNameRange     '1.2.0',
186 silly addNameRange     '1.2.1',
186 silly addNameRange     '1.2.2',
186 silly addNameRange     '1.2.3',
186 silly addNameRange     '1.2.4',
186 silly addNameRange     '1.3.0',
186 silly addNameRange     '1.3.1',
186 silly addNameRange     '1.3.2',
186 silly addNameRange     '1.3.3' ] ]
187 verbose addNamed [ 'gulp-sass', '0.7.3' ]
188 verbose addNamed [ '0.7.3', '0.7.3' ]
189 silly lockFile 721f0c96-gulp-sass-0-7-3 gulp-sass@0.7.3
190 verbose lock gulp-sass@0.7.3 /home/vagrant/.npm/721f0c96-gulp-sass-0-7-3.lock
191 silly lockFile d66f14f4-rg-gulp-sass-gulp-sass-0-7-3-tgz https://registry.npmjs.org/gulp-sass/-/gulp-sass-0.7.3.tgz
192 verbose lock https://registry.npmjs.org/gulp-sass/-/gulp-sass-0.7.3.tgz /home/vagrant/.npm/d66f14f4-rg-gulp-sass-gulp-sass-0-7-3-tgz.lock
193 verbose addRemoteTarball [ 'https://registry.npmjs.org/gulp-sass/-/gulp-sass-0.7.3.tgz',
193 verbose addRemoteTarball   '4bfbb4e4d95a40be8beeebe07e8e477e7f7a2edc' ]
194 info retry fetch attempt 1 at 21:35:48
195 verbose fetch to= /tmp/npm-4001-pYD1OfA2/registry.npmjs.org/gulp-sass/-/gulp-sass-0.7.3.tgz
196 http GET https://registry.npmjs.org/gulp-sass/-/gulp-sass-0.7.3.tgz
197 http 200 https://registry.npmjs.org/gulp-concat
198 silly registry.get cb [ 200,
198 silly registry.get   { date: 'Sat, 21 Feb 2015 21:35:45 GMT',
198 silly registry.get     server: 'CouchDB/1.5.0 (Erlang OTP/R16B03)',
198 silly registry.get     etag: '"7Y06H5JMOID1C7DP17WG2OK65"',
198 silly registry.get     'content-type': 'application/json',
198 silly registry.get     'cache-control': 'max-age=60',
198 silly registry.get     'content-length': '34898',
198 silly registry.get     'accept-ranges': 'bytes',
198 silly registry.get     via: '1.1 varnish',
198 silly registry.get     age: '0',
198 silly registry.get     'x-served-by': 'cache-iad2128-IAD',
198 silly registry.get     'x-cache': 'HIT',
198 silly registry.get     'x-cache-hits': '1',
198 silly registry.get     'x-timer': 'S1424554544.780076,VS0,VE346',
198 silly registry.get     vary: 'Accept',
198 silly registry.get     'keep-alive': 'timeout=10, max=50',
198 silly registry.get     connection: 'Keep-Alive' } ]
199 silly addNameRange number 2 { name: 'gulp-concat',
199 silly addNameRange   range: '>=2.2.0-0 <3.0.0-0',
199 silly addNameRange   hasData: true }
200 silly addNameRange versions [ 'gulp-concat',
200 silly addNameRange   [ '0.0.1',
200 silly addNameRange     '1.0.0',
200 silly addNameRange     '1.1.0',
200 silly addNameRange     '2.0.0',
200 silly addNameRange     '2.1.0',
200 silly addNameRange     '2.1.1',
200 silly addNameRange     '2.1.2',
200 silly addNameRange     '2.1.3',
200 silly addNameRange     '2.1.4',
200 silly addNameRange     '2.1.5',
200 silly addNameRange     '2.1.6',
200 silly addNameRange     '2.1.7',
200 silly addNameRange     '2.2.0',
200 silly addNameRange     '2.3.0',
200 silly addNameRange     '2.3.3',
200 silly addNameRange     '2.3.4',
200 silly addNameRange     '2.3.5',
200 silly addNameRange     '2.4.0',
200 silly addNameRange     '2.4.1',
200 silly addNameRange     '2.4.2',
200 silly addNameRange     '2.4.3',
200 silly addNameRange     '2.5.0',
200 silly addNameRange     '2.5.1',
200 silly addNameRange     '2.5.2' ] ]
201 verbose addNamed [ 'gulp-concat', '2.5.2' ]
202 verbose addNamed [ '2.5.2', '2.5.2' ]
203 silly lockFile f86cbda2-gulp-concat-2-5-2 gulp-concat@2.5.2
204 verbose lock gulp-concat@2.5.2 /home/vagrant/.npm/f86cbda2-gulp-concat-2-5-2.lock
205 silly lockFile 2b63d021-ulp-concat-gulp-concat-2-5-2-tgz https://registry.npmjs.org/gulp-concat/-/gulp-concat-2.5.2.tgz
206 verbose lock https://registry.npmjs.org/gulp-concat/-/gulp-concat-2.5.2.tgz /home/vagrant/.npm/2b63d021-ulp-concat-gulp-concat-2-5-2-tgz.lock
207 verbose addRemoteTarball [ 'https://registry.npmjs.org/gulp-concat/-/gulp-concat-2.5.2.tgz',
207 verbose addRemoteTarball   'd644372cdc2b3cdb421a8a941c8d74e21d815f14' ]
208 info retry fetch attempt 1 at 21:35:49
209 verbose fetch to= /tmp/npm-4001-pYD1OfA2/registry.npmjs.org/gulp-concat/-/gulp-concat-2.5.2.tgz
210 http GET https://registry.npmjs.org/gulp-concat/-/gulp-concat-2.5.2.tgz
211 http 200 https://registry.npmjs.org/gulp-minify-css
212 silly registry.get cb [ 200,
212 silly registry.get   { date: 'Sat, 21 Feb 2015 21:35:45 GMT',
212 silly registry.get     server: 'CouchDB/1.5.0 (Erlang OTP/R16B03)',
212 silly registry.get     etag: '"4X334CZZNUMCC2R7Q8C9XHPPG"',
212 silly registry.get     'content-type': 'application/json',
212 silly registry.get     'cache-control': 'max-age=60',
212 silly registry.get     'content-length': '37121',
212 silly registry.get     'accept-ranges': 'bytes',
212 silly registry.get     via: '1.1 varnish',
212 silly registry.get     age: '0',
212 silly registry.get     'x-served-by': 'cache-iad2131-IAD',
212 silly registry.get     'x-cache': 'HIT',
212 silly registry.get     'x-cache-hits': '1',
212 silly registry.get     'x-timer': 'S1424554544.806872,VS0,VE352',
212 silly registry.get     vary: 'Accept',
212 silly registry.get     'keep-alive': 'timeout=10, max=50',
212 silly registry.get     connection: 'Keep-Alive' } ]
213 silly addNameRange number 2 { name: 'gulp-minify-css',
213 silly addNameRange   range: '>=0.3.0-0 <0.4.0-0',
213 silly addNameRange   hasData: true }
214 silly addNameRange versions [ 'gulp-minify-css',
214 silly addNameRange   [ '0.0.1',
214 silly addNameRange     '0.1.0',
214 silly addNameRange     '0.2.0',
214 silly addNameRange     '0.3.0',
214 silly addNameRange     '0.3.1',
214 silly addNameRange     '0.3.2',
214 silly addNameRange     '0.3.3',
214 silly addNameRange     '0.3.4',
214 silly addNameRange     '0.3.5',
214 silly addNameRange     '0.3.6',
214 silly addNameRange     '0.3.7',
214 silly addNameRange     '0.3.8',
214 silly addNameRange     '0.3.9',
214 silly addNameRange     '0.3.10',
214 silly addNameRange     '0.3.11',
214 silly addNameRange     '0.3.12',
214 silly addNameRange     '0.3.13',
214 silly addNameRange     '0.4.0',
214 silly addNameRange     '0.4.1',
214 silly addNameRange     '0.4.2',
214 silly addNameRange     '0.4.3',
214 silly addNameRange     '0.4.4',
214 silly addNameRange     '0.4.5',
214 silly addNameRange     '0.4.6' ] ]
215 verbose addNamed [ 'gulp-minify-css', '0.3.13' ]
216 verbose addNamed [ '0.3.13', '0.3.13' ]
217 silly lockFile 9038a954-gulp-minify-css-0-3-13 gulp-minify-css@0.3.13
218 verbose lock gulp-minify-css@0.3.13 /home/vagrant/.npm/9038a954-gulp-minify-css-0-3-13.lock
219 silly lockFile 8781e9f5-y-css-gulp-minify-css-0-3-13-tgz https://registry.npmjs.org/gulp-minify-css/-/gulp-minify-css-0.3.13.tgz
220 verbose lock https://registry.npmjs.org/gulp-minify-css/-/gulp-minify-css-0.3.13.tgz /home/vagrant/.npm/8781e9f5-y-css-gulp-minify-css-0-3-13-tgz.lock
221 verbose addRemoteTarball [ 'https://registry.npmjs.org/gulp-minify-css/-/gulp-minify-css-0.3.13.tgz',
221 verbose addRemoteTarball   'ba813c665422868305383ccd185f239c1e35209b' ]
222 info retry fetch attempt 1 at 21:35:49
223 verbose fetch to= /tmp/npm-4001-pYD1OfA2/registry.npmjs.org/gulp-minify-css/-/gulp-minify-css-0.3.13.tgz
224 http GET https://registry.npmjs.org/gulp-minify-css/-/gulp-minify-css-0.3.13.tgz
225 http 200 https://registry.npmjs.org/gulp-util/-/gulp-util-2.2.20.tgz
226 silly lockFile 34166e88-g-gulp-util-gulp-util-2-2-20-tgz https://registry.npmjs.org/gulp-util/-/gulp-util-2.2.20.tgz
227 silly lockFile 34166e88-g-gulp-util-gulp-util-2-2-20-tgz https://registry.npmjs.org/gulp-util/-/gulp-util-2.2.20.tgz
228 silly lockFile 48c194cb-gulp-util-2-2-20 gulp-util@2.2.20
229 silly lockFile 48c194cb-gulp-util-2-2-20 gulp-util@2.2.20
230 silly lockFile e3e5f16b-gulp-util-2-2-14 gulp-util@^2.2.14
231 silly lockFile e3e5f16b-gulp-util-2-2-14 gulp-util@^2.2.14
232 http 200 https://registry.npmjs.org/gulp-rename/-/gulp-rename-1.2.0.tgz
233 silly lockFile b4be9a05-ulp-rename-gulp-rename-1-2-0-tgz https://registry.npmjs.org/gulp-rename/-/gulp-rename-1.2.0.tgz
234 silly lockFile b4be9a05-ulp-rename-gulp-rename-1-2-0-tgz https://registry.npmjs.org/gulp-rename/-/gulp-rename-1.2.0.tgz
235 silly lockFile 5981c611-gulp-rename-1-2-0 gulp-rename@1.2.0
236 silly lockFile 5981c611-gulp-rename-1-2-0 gulp-rename@1.2.0
237 silly lockFile 31cef36d-gulp-rename-1-2-0 gulp-rename@^1.2.0
238 silly lockFile 31cef36d-gulp-rename-1-2-0 gulp-rename@^1.2.0
239 http 200 https://registry.npmjs.org/gulp-sass/-/gulp-sass-0.7.3.tgz
240 silly lockFile d66f14f4-rg-gulp-sass-gulp-sass-0-7-3-tgz https://registry.npmjs.org/gulp-sass/-/gulp-sass-0.7.3.tgz
241 silly lockFile d66f14f4-rg-gulp-sass-gulp-sass-0-7-3-tgz https://registry.npmjs.org/gulp-sass/-/gulp-sass-0.7.3.tgz
242 silly lockFile 721f0c96-gulp-sass-0-7-3 gulp-sass@0.7.3
243 silly lockFile 721f0c96-gulp-sass-0-7-3 gulp-sass@0.7.3
244 silly lockFile 77100620-gulp-sass-0-7-1 gulp-sass@^0.7.1
245 silly lockFile 77100620-gulp-sass-0-7-1 gulp-sass@^0.7.1
246 http 200 https://registry.npmjs.org/gulp-concat/-/gulp-concat-2.5.2.tgz
247 silly lockFile 2b63d021-ulp-concat-gulp-concat-2-5-2-tgz https://registry.npmjs.org/gulp-concat/-/gulp-concat-2.5.2.tgz
248 silly lockFile 2b63d021-ulp-concat-gulp-concat-2-5-2-tgz https://registry.npmjs.org/gulp-concat/-/gulp-concat-2.5.2.tgz
249 silly lockFile f86cbda2-gulp-concat-2-5-2 gulp-concat@2.5.2
250 silly lockFile f86cbda2-gulp-concat-2-5-2 gulp-concat@2.5.2
251 silly lockFile bade1119-gulp-concat-2-2-0 gulp-concat@^2.2.0
252 silly lockFile bade1119-gulp-concat-2-2-0 gulp-concat@^2.2.0
253 http 200 https://registry.npmjs.org/gulp-minify-css/-/gulp-minify-css-0.3.13.tgz
254 silly lockFile 8781e9f5-y-css-gulp-minify-css-0-3-13-tgz https://registry.npmjs.org/gulp-minify-css/-/gulp-minify-css-0.3.13.tgz
255 silly lockFile 8781e9f5-y-css-gulp-minify-css-0-3-13-tgz https://registry.npmjs.org/gulp-minify-css/-/gulp-minify-css-0.3.13.tgz
256 silly lockFile 9038a954-gulp-minify-css-0-3-13 gulp-minify-css@0.3.13
257 silly lockFile 9038a954-gulp-minify-css-0-3-13 gulp-minify-css@0.3.13
258 silly lockFile 97140670-gulp-minify-css-0-3-0 gulp-minify-css@^0.3.0
259 silly lockFile 97140670-gulp-minify-css-0-3-0 gulp-minify-css@^0.3.0
260 http 200 https://registry.npmjs.org/bower
261 silly registry.get cb [ 200,
261 silly registry.get   { date: 'Sat, 21 Feb 2015 21:35:46 GMT',
261 silly registry.get     server: 'CouchDB/1.5.0 (Erlang OTP/R16B03)',
261 silly registry.get     etag: '"9X50Q7DME3EPZ5R3M5IYJ5R2K"',
261 silly registry.get     'content-type': 'application/json',
261 silly registry.get     'cache-control': 'max-age=60',
261 silly registry.get     'content-length': '106464',
261 silly registry.get     'accept-ranges': 'bytes',
261 silly registry.get     via: '1.1 varnish',
261 silly registry.get     age: '0',
261 silly registry.get     'x-served-by': 'cache-iad2140-IAD',
261 silly registry.get     'x-cache': 'HIT',
261 silly registry.get     'x-cache-hits': '1',
261 silly registry.get     'x-timer': 'S1424554545.803806,VS0,VE343',
261 silly registry.get     vary: 'Accept',
261 silly registry.get     'keep-alive': 'timeout=10, max=49',
261 silly registry.get     connection: 'Keep-Alive' } ]
262 silly addNameRange number 2 { name: 'bower', range: '>=1.3.3-0 <2.0.0-0', hasData: true }
263 silly addNameRange versions [ 'bower',
263 silly addNameRange   [ '0.1.0',
263 silly addNameRange     '0.1.2',
263 silly addNameRange     '0.1.3',
263 silly addNameRange     '0.2.0',
263 silly addNameRange     '0.3.0',
263 silly addNameRange     '0.3.1',
263 silly addNameRange     '0.3.2',
263 silly addNameRange     '0.4.0',
263 silly addNameRange     '0.5.0',
263 silly addNameRange     '0.5.1',
263 silly addNameRange     '0.6.0',
263 silly addNameRange     '0.6.1',
263 silly addNameRange     '0.6.2',
263 silly addNameRange     '0.6.3',
263 silly addNameRange     '0.6.4',
263 silly addNameRange     '0.6.5',
263 silly addNameRange     '0.6.6',
263 silly addNameRange     '0.6.7',
263 silly addNameRange     '0.6.8',
263 silly addNameRange     '0.7.0',
263 silly addNameRange     '0.7.1',
263 silly addNameRange     '0.8.0',
263 silly addNameRange     '0.8.1',
263 silly addNameRange     '0.8.2',
263 silly addNameRange     '0.8.3',
263 silly addNameRange     '0.8.4',
263 silly addNameRange     '0.8.5',
263 silly addNameRange     '0.8.6',
263 silly addNameRange     '0.9.0',
263 silly addNameRange     '0.9.1',
263 silly addNameRange     '0.9.2',
263 silly addNameRange     '0.10.0',
263 silly addNameRange     '1.0.0',
263 silly addNameRange     '1.0.1',
263 silly addNameRange     '1.0.2',
263 silly addNameRange     '1.0.3',
263 silly addNameRange     '1.1.0',
263 silly addNameRange     '1.1.1',
263 silly addNameRange     '1.1.2',
263 silly addNameRange     '1.2.0',
263 silly addNameRange     '1.2.1',
263 silly addNameRange     '1.2.2',
263 silly addNameRange     '1.2.3',
263 silly addNameRange     '1.2.4',
263 silly addNameRange     '1.2.5',
263 silly addNameRange     '1.2.6',
263 silly addNameRange     '1.2.7',
263 silly addNameRange     '1.2.8',
263 silly addNameRange     '1.3.0',
263 silly addNameRange     '1.3.1',
263 silly addNameRange     '1.3.2',
263 silly addNameRange     '1.3.3',
263 silly addNameRange     '1.3.4',
263 silly addNameRange     '1.3.5',
263 silly addNameRange     '1.3.6',
263 silly addNameRange     '1.3.7',
263 silly addNameRange     '1.3.8',
263 silly addNameRange     '1.3.9',
263 silly addNameRange     '1.3.10',
263 silly addNameRange     '1.3.11',
263 silly addNameRange     '1.3.12' ] ]
264 verbose addNamed [ 'bower', '1.3.12' ]
265 verbose addNamed [ '1.3.12', '1.3.12' ]
266 silly lockFile 9819431c-bower-1-3-12 bower@1.3.12
267 verbose lock bower@1.3.12 /home/vagrant/.npm/9819431c-bower-1-3-12.lock
268 silly lockFile 9819431c-bower-1-3-12 bower@1.3.12
269 silly lockFile 9819431c-bower-1-3-12 bower@1.3.12
270 silly lockFile 0aa5c27e-bower-1-3-3 bower@^1.3.3
271 silly lockFile 0aa5c27e-bower-1-3-3 bower@^1.3.3
272 error Error: EACCES, mkdir '/home/vagrant/.npm/gulp-util/2.2.20'
272 error  { [Error: EACCES, mkdir '/home/vagrant/.npm/gulp-util/2.2.20']
272 error   errno: 3,
272 error   code: 'EACCES',
272 error   path: '/home/vagrant/.npm/gulp-util/2.2.20',
272 error   parent: 'testo' }
273 error Please try running this command again as root/Administrator.
274 error System Linux 3.13.0-11-generic
275 error command "/usr/bin/node" "/usr/bin/npm" "install"
276 error cwd /home/vagrant/Code/MediApp-Ionic
277 error node -v v0.10.33
278 error npm -v 1.4.28
279 error path /home/vagrant/.npm/gulp-util/2.2.20
280 error code EACCES
281 error errno 3
282 error stack Error: EACCES, mkdir '/home/vagrant/.npm/gulp-util/2.2.20'
283 verbose exit [ 3, true ]
